Random effects variance-covariance matrix: 
      [,1]  [,2]
[1,] 0.073 0.001
[2,] 0.001 0.000

RAVLT.forgetting (mean parameterised Conway-Maxwell Poisson)
                  Estimate    SE   2.5% 97.5% p-value
(Intercept)          1.484 0.021  1.443 1.524   0.000
time                 0.014 0.006  0.003 0.025   0.014
age_scaled          -0.001 0.017 -0.034 0.032   0.949
APOE4                0.127 0.060  0.010 0.244   0.033
delta_(Intercept)    0.336 0.030  0.278 0.395   0.000

Event-time sub-model: 
           Estimate    SE  2.5% 97.5% p-value
zeta_APOE4    0.544 0.219 0.116 0.972   0.013
gamma         0.970 0.358 0.267 1.672   0.007

Elapsed times as follows:
    delta optimisation        re-maximisation           startup time                EM time 
                 5.473                  5.012                 12.255                 78.704 
       post processing Total computation time 
                 7.080                 98.035 
