ADAS11 (mean parameterised Conway-Maxwell Poisson)

Random effects variance-covariance matrix: 
     [,1]  [,2]
[1,] 0.15 0.010
[2,] 0.01 0.005

Fixed effects:
                 Estimate    SE  2.5% 97.5% p-value
beta_(Intercept)    2.232 0.027 2.179 2.285   0.000
beta_time           0.087 0.006 0.074 0.099   0.000
beta_age_scaled     0.040 0.018 0.004 0.076   0.029
beta_bin            0.168 0.043 0.084 0.251   0.000

Event-time sub-model: 
         Estimate    SE  2.5% 97.5% p-value
zeta_bin    0.675 0.134 0.412 0.938       0
gamma       2.274 0.179 1.922 2.625       0

Subject-specific dispersion: 
                   min.     25%     50%     75%    max.   n
Under-dispersed  0.0069  0.3416  0.6880  1.0271  1.9617 166
Over-dispersed  -2.2013 -0.5126 -0.2944 -0.0937 -0.0046  52
Inclusion criterion met for 218 (56.8%) subjects.
0 dispersion estimates were truncated at max value (2.50).

Subject-specific truncation amounts: 
20 21 22 23 24 25 26 27 28 29 30 31 32 33 34 35 36 37 38 40 41 43 44 45 47 
68 28 22 29 22 26 25 24 20 24 20 17 10  7 11  7  4  5  1  3  1  3  1  1  1 
48 52 57 62 
 1  1  1  1 

Truncation amount given by max(y) + 10 with minimal value 20

Elapsed times as follows (16 iterations):
          startup time                EM time        post processing 
                 2.234                 76.001                  4.350 
Total computation time 
                82.584 

Optimiser used: optim, Hessian appraised: grad with epsilon 0.001.
