ADAS11 (mean parameterised Conway-Maxwell Poisson)

Random effects variance-covariance matrix: 
      [,1]  [,2]
[1,] 0.146 0.011
[2,] 0.011 0.005

Fixed effects:
                 Estimate    SE  2.5% 97.5% p-value
beta_(Intercept)    2.233 0.027 2.181 2.285   0.000
beta_time           0.087 0.006 0.075 0.099   0.000
beta_age_scaled     0.039 0.018 0.002 0.075   0.037
beta_bin            0.166 0.042 0.083 0.249   0.000

Event-time sub-model: 
         Estimate    SE  2.5% 97.5% p-value
zeta_bin    0.676 0.134 0.413 0.939       0
gamma       2.279 0.183 1.921 2.638       0

Subject-specific dispersion: 
                   min.     25%     50%     75%    max.   n
Under-dispersed  0.0040  0.3540  0.7258  1.1580  1.9903 239
Over-dispersed  -2.2628 -0.4774 -0.2611 -0.0979 -0.0149  64
Inclusion criterion met for 304 (79.2%) subjects.
1 dispersion estimates were truncated at max value (2.50).

Subject-specific truncation amounts: 
20 21 22 23 24 25 26 27 28 29 30 31 32 33 34 35 36 37 38 40 41 43 44 45 47 
68 28 22 29 22 26 25 24 20 24 20 17 10  7 11  7  4  5  1  3  1  3  1  1  1 
48 52 57 62 
 1  1  1  1 

Truncation amount given by max(y) + 10 with minimal value 20

Elapsed times as follows (17 iterations):
          startup time                EM time        post processing 
                 2.759                 88.196                  4.470 
Total computation time 
                95.428 

Optimiser used: optim, Hessian appraised: grad with epsilon 0.001.
