FAQ (mean parameterised Conway-Maxwell Poisson)

Random effects variance-covariance matrix: 
       [,1]   [,2]
[1,]  1.494 -0.032
[2,] -0.032  0.112

Fixed effects:
                 Estimate    SE   2.5% 97.5% p-value
beta_(Intercept)    0.486 0.079  0.331 0.641   0.000
beta_time           0.306 0.020  0.265 0.346   0.000
beta_age_scaled     0.028 0.043 -0.057 0.113   0.515
beta_bin            0.501 0.125  0.256 0.746   0.000

Event-time sub-model: 
         Estimate    SE  2.5% 97.5% p-value
zeta_bin    0.940 0.174 0.599 1.282       0
gamma       1.306 0.090 1.131 1.482       0

Subject-specific dispersion: 
                   min.     25%     50%     75%    max.  n
Under-dispersed  0.0009  0.2869  0.6874  1.0434  1.9724 82
Over-dispersed  -2.3680 -1.0233 -0.4234 -0.1954 -0.0175 60
Inclusion criterion met for 160 (41.7%) subjects.
18 dispersion estimates were truncated at max value (2.50).

Subject-specific truncation amounts: 
 20  21  22  23  24  25  26  27  28  29  30  31  32  33  34  35  36  38  39 
226  20  12  24  18  13  11  10  10  11  10   6   2   2   2   3   1   1   1 
 40 
  1 

Truncation amount given by max(y) + 10 with minimal value 20

Elapsed times as follows (15 iterations):
          startup time                EM time        post processing 
                 2.086                 58.495                  4.060 
Total computation time 
                64.644 

Optimiser used: optim, Hessian appraised: grad with epsilon 0.001.
