FAQ (mean parameterised Conway-Maxwell Poisson)

Random effects variance-covariance matrix: 
      [,1]  [,2]
[1,] 1.417 0.002
[2,] 0.002 0.067

Fixed effects:
                 Estimate    SE   2.5% 97.5% p-value
beta_(Intercept)    0.523 0.079  0.367 0.678    0.00
beta_time           0.292 0.019  0.255 0.329    0.00
beta_age_scaled     0.027 0.045 -0.063 0.116    0.56
beta_bin            0.496 0.125  0.252 0.740    0.00

Event-time sub-model: 
         Estimate    SE  2.5% 97.5% p-value
zeta_bin    0.896 0.164 0.574 1.219       0
gamma       1.235 0.088 1.062 1.409       0

Subject-specific dispersion: 
                   min.     25%     50%     75%    max.   n
Under-dispersed  0.0044  0.3319  0.7878  1.4115  2.4230 124
Over-dispersed  -2.4524 -1.2061 -0.6101 -0.3059 -0.0004  75
Inclusion criterion met for 252 (65.6%) subjects.
53 dispersion estimates were truncated at max value (2.50).

Subject-specific truncation amounts: 
 20  21  22  23  24  25  26  27  28  29  30  31  32  33  34  35  36  38  39 
226  20  12  24  18  13  11  10  10  11  10   6   2   2   2   3   1   1   1 
 40 
  1 

Truncation amount given by max(y) + 10 with minimal value 20

Elapsed times as follows (35 iterations):
          startup time                EM time        post processing 
                 2.330                141.509                  3.680 
Total computation time 
               147.518 

Optimiser used: optim, Hessian appraised: grad with epsilon 0.001.
