MMSE.reverse (mean parameterised Conway-Maxwell Poisson)

Random effects variance-covariance matrix: 
      [,1]  [,2]
[1,] 0.334 0.032
[2,] 0.032 0.017

Fixed effects:
                 Estimate    SE   2.5% 97.5% p-value
beta_(Intercept)    0.808 0.045  0.720 0.896   0.000
beta_time           0.151 0.011  0.129 0.173   0.000
beta_age_scaled     0.055 0.030 -0.003 0.113   0.062
beta_bin            0.223 0.071  0.085 0.362   0.002

Event-time sub-model: 
         Estimate    SE  2.5% 97.5% p-value
zeta_bin    0.551 0.141 0.274 0.827       0
gamma       1.574 0.128 1.323 1.824       0

Subject-specific dispersion: 
                   min.     25%     50%     75%    max.   n
Under-dispersed  0.0004  0.4064  0.7457  1.1961  2.2889 174
Over-dispersed  -2.1879 -0.8167 -0.4159 -0.2091 -0.0160  77
Inclusion criterion met for 266 (69.3%) subjects.
15 dispersion estimates were truncated at max value (2.50).

Subject-specific truncation amounts: 
 20  21  22  23  24  27  31  32  33 
358   8   8   5   1   1   1   1   1 

Truncation amount given by max(y) + 10 with minimal value 20

Elapsed times as follows (20 iterations):
          startup time                EM time        post processing 
                 2.033                 67.645                  3.540 
Total computation time 
                73.220 

Optimiser used: optim, Hessian appraised: grad with epsilon 0.001.
