RAVLT.immediate (mean parameterised Conway-Maxwell Poisson)

Random effects variance-covariance matrix: 
      [,1]  [,2]
[1,] 0.069 0.002
[2,] 0.002 0.001

Fixed effects:
                 Estimate    SE   2.5%  97.5% p-value
beta_(Intercept)    3.424 0.019  3.387  3.461   0.000
beta_time          -0.037 0.005 -0.047 -0.028   0.000
beta_age_scaled    -0.035 0.013 -0.060 -0.010   0.006
beta_bin           -0.110 0.029 -0.166 -0.054   0.000

Event-time sub-model: 
         Estimate    SE   2.5%  97.5% p-value
zeta_bin    0.746 0.110  0.531  0.961       0
gamma      -2.555 0.252 -3.049 -2.061       0

Subject-specific dispersion: 
                   min.     25%     50%     75%    max.   n
Under-dispersed  0.0010  0.1357  0.2136  0.3252  0.9495 192
Over-dispersed  -1.5039 -0.4240 -0.2543 -0.0924 -0.0054  48
Inclusion criterion met for 241 (62.8%) subjects.
1 dispersion estimates were truncated at max value (2.50).

Subject-specific truncation amounts: 
23 24 25 26 27 28 29 30 31 32 33 34 35 36 37 38 39 40 41 42 43 44 45 46 47 
 2  1  1  2  1  3  2  5 10  8  9 18  9 10 22 19 17 24 18 19 15 13 20 10 14 
48 49 50 51 52 53 54 55 56 57 58 59 60 61 62 63 64 65 66 67 68 69 70 71 73 
13  9  8  8  3  5  9  6  5  4  4  5  4  2  3  2  2  3  2  3  3  1  1  2  1 
77 85 
 2  2 

Truncation amount given by max(y) + 10 with minimal value 20

Elapsed times as follows (18 iterations):
          startup time                EM time        post processing 
                 2.285                212.482                 11.240 
Total computation time 
               226.008 

Optimiser used: optim, Hessian appraised: grad with epsilon 0.001.
