RAVLT.immediate (mean parameterised Conway-Maxwell Poisson)

Random effects variance-covariance matrix: 
      [,1]  [,2]
[1,] 0.070 0.002
[2,] 0.002 0.001

Fixed effects:
                 Estimate    SE   2.5%  97.5% p-value
beta_(Intercept)    3.424 0.019  3.387  3.461   0.000
beta_time          -0.037 0.005 -0.046 -0.027   0.000
beta_age_scaled    -0.035 0.013 -0.061 -0.010   0.006
beta_bin           -0.111 0.029 -0.167 -0.055   0.000

Event-time sub-model: 
         Estimate    SE   2.5%  97.5% p-value
zeta_bin    0.748 0.110  0.533  0.963       0
gamma      -2.556 0.252 -3.050 -2.062       0

Subject-specific dispersion: 
                   min.     25%     50%     75%    max.   n
Under-dispersed  0.0010  0.1358  0.2308  0.3355  0.9022 253
Over-dispersed  -1.5024 -0.4498 -0.2436 -0.0850 -0.0054  55
Inclusion criterion met for 309 (80.5%) subjects.
1 dispersion estimates were truncated at max value (2.50).

Subject-specific truncation amounts: 
23 24 25 26 27 28 29 30 31 32 33 34 35 36 37 38 39 40 41 42 43 44 45 46 47 
 2  1  1  2  1  3  2  5 10  8  9 18  9 10 22 19 17 24 18 19 15 13 20 10 14 
48 49 50 51 52 53 54 55 56 57 58 59 60 61 62 63 64 65 66 67 68 69 70 71 73 
13  9  8  8  3  5  9  6  5  4  4  5  4  2  3  2  2  3  2  3  3  1  1  2  1 
77 85 
 2  2 

Truncation amount given by max(y) + 10 with minimal value 20

Elapsed times as follows (17 iterations):
          startup time                EM time        post processing 
                 2.631                199.361                 10.390 
Total computation time 
               212.385 

Optimiser used: optim, Hessian appraised: grad with epsilon 0.001.
