RAVLT.forgetting (mean parameterised Conway-Maxwell Poisson)

Random effects variance-covariance matrix: 
      [,1]
[1,] 0.048

Fixed effects:
                 Estimate    SE   2.5% 97.5% p-value
beta_(Intercept)    1.502 0.023  1.458 1.547   0.000
beta_time           0.008 0.004  0.001 0.015   0.029
beta_age_scaled    -0.013 0.015 -0.042 0.017   0.400
beta_bin            0.093 0.031  0.033 0.153   0.002

Event-time sub-model: 
         Estimate    SE   2.5% 97.5% p-value
zeta_bin    0.675 0.092  0.494 0.855   0.000
gamma       0.810 0.469 -0.110 1.729   0.084

Subject-specific dispersion: 
                   min.     25%     50%     75%    max.   n
Under-dispersed  0.0030  0.5289  0.9824  1.5117  1.9366 193
Over-dispersed  -2.1475 -1.0044 -0.4829 -0.2952 -0.0020  62
Inclusion criterion met for 264 (68.8%) subjects.
9 dispersion estimates were truncated at max value (2.50).

Subject-specific truncation amounts: 
 20  21  22  23 
366   7   6   5 

Truncation amount given by max(y) + 10 with minimal value 20

Elapsed times as follows (16 iterations):
          startup time                EM time        post processing 
                 4.051                 53.922                  2.410 
Total computation time 
                60.383 

Optimiser used: optim, Hessian appraised: grad with epsilon 0.001.
