RAVLT.learning (mean parameterised Conway-Maxwell Poisson)

Random effects variance-covariance matrix: 
      [,1]  [,2]
[1,] 0.185 0.000
[2,] 0.000 0.002

Fixed effects:
                 Estimate    SE   2.5%  97.5% p-value
beta_(Intercept)    1.239 0.040  1.161  1.317   0.000
beta_time          -0.023 0.010 -0.042 -0.004   0.019
beta_age_scaled    -0.008 0.025 -0.058  0.042   0.754
beta_bin           -0.204 0.054 -0.309 -0.099   0.000

Event-time sub-model: 
         Estimate    SE   2.5%  97.5% p-value
zeta_bin    0.730 0.117  0.500  0.959       0
gamma      -1.789 0.255 -2.288 -1.289       0

Subject-specific dispersion: 
                   min.     25%     50%     75%    max.   n
Under-dispersed  0.0412  0.3407  0.5933  1.0093  1.9902 146
Over-dispersed  -2.4002 -0.9814 -0.5569 -0.2687 -0.0087  85
Inclusion criterion met for 257 (67.3%) subjects.
26 dispersion estimates were truncated at max value (2.50).

Subject-specific truncation amounts: 
 20  21  22 
372   7   3 

Truncation amount given by max(y) + 10 with minimal value 20

Elapsed times as follows (73 iterations):
          startup time                EM time        post processing 
                 2.223                269.370                  4.120 
Total computation time 
               275.722 

Optimiser used: optim, Hessian appraised: grad with epsilon 0.001.
