RAVLT.forgetting (mean parameterised Conway-Maxwell Poisson)

Random effects variance-covariance matrix: 
      [,1]
[1,] 0.059

Fixed effects:
                 Estimate    SE   2.5% 97.5% p-value
beta_(Intercept)    1.476 0.025  1.426 1.526   0.000
beta_time           0.010 0.004  0.002 0.017   0.009
beta_age_scaled    -0.001 0.017 -0.034 0.031   0.930
beta_bin            0.105 0.035  0.036 0.174   0.003

Event-time sub-model: 
         Estimate    SE   2.5% 97.5% p-value
zeta_bin    0.677 0.092  0.496 0.857   0.000
gamma       0.798 0.446 -0.076 1.672   0.074

Subject-specific dispersion: 
                   min.     25%     50%     75%    max.   n
Under-dispersed  0.0008  0.3530  0.6307  1.0685  1.6274 102
Over-dispersed  -1.8301 -0.8849 -0.4561 -0.3054 -0.0167  45
Inclusion criterion met for 149 (38.8%) subjects.
2 dispersion estimates were truncated at max value (2.50).

Subject-specific truncation amounts: 
 20  21  22  23 
366   7   6   5 

Truncation amount given by max(y) + 10 with minimal value 20

Elapsed times as follows (10 iterations):
          startup time                EM time        post processing 
                 1.816                 22.576                  2.050 
Total computation time 
                26.440 

Optimiser used: optim, Hessian appraised: grad with epsilon 0.001.
