RAVLT.learning (mean parameterised Conway-Maxwell Poisson)

Random effects variance-covariance matrix: 
      [,1]  [,2]
[1,] 0.196 0.002
[2,] 0.002 0.002

Fixed effects:
                 Estimate    SE   2.5%  97.5% p-value
beta_(Intercept)    1.218 0.040  1.139  1.298   0.000
beta_time          -0.027 0.011 -0.048 -0.005   0.014
beta_age_scaled     0.000 0.026 -0.051  0.050   0.991
beta_bin           -0.198 0.055 -0.307 -0.089   0.000

Event-time sub-model: 
         Estimate    SE   2.5%  97.5% p-value
zeta_bin    0.721 0.115  0.495  0.947       0
gamma      -1.635 0.225 -2.075 -1.195       0

Subject-specific dispersion: 
                   min.     25%     50%     75%    max.  n
Under-dispersed  0.0523  0.2879  0.4572  0.8037  1.5887 87
Over-dispersed  -2.3229 -0.8893 -0.4798 -0.2529 -0.0098 63
Inclusion criterion met for 156 (40.8%) subjects.
6 dispersion estimates were truncated at max value (2.50).

Subject-specific truncation amounts: 
 20  21  22 
372   7   3 

Truncation amount given by max(y) + 10 with minimal value 20

Elapsed times as follows (99 iterations):
          startup time                EM time        post processing 
                 2.111                260.051                  1.880 
Total computation time 
               264.048 

Optimiser used: optim, Hessian appraised: grad with epsilon 0.001.
