Random effects variance-covariance matrix: 
      [,1]  [,2]
[1,] 0.147 0.011
[2,] 0.011 0.006

ADAS13 (mean parameterised Conway-Maxwell Poisson)
                  Estimate    SE  2.5% 97.5% p-value
(Intercept)          2.785 0.025 2.736 2.835   0.000
time                 0.083 0.005 0.073 0.094   0.000
age_scaled           0.035 0.016 0.004 0.067   0.029
bin                  0.071 0.035 0.002 0.140   0.044
delta_(Intercept)    0.358 0.000 0.358 0.359   0.000

Event-time sub-model: 
           Estimate    SE   2.5% 97.5% p-value
zeta_APOE4    0.120 0.191 -0.254 0.495   0.529
gamma         2.789 0.176  2.444 3.134   0.000

Elapsed times as follows (47 iterations):
    delta optimisation        re-maximisation           startup time                EM time 
                28.545                 21.534                 52.083               1723.396 
       post processing Total computation time 
                32.300               1807.782 
