Random effects variance-covariance matrix: 
      [,1]  [,2]
[1,] 0.146 0.009
[2,] 0.009 0.005

ADAS13 (mean parameterised Conway-Maxwell Poisson)
                  Estimate    SE  2.5% 97.5% p-value
(Intercept)          2.731 0.024 2.683 2.779   0.000
time                 0.078 0.005 0.069 0.088   0.000
age_scaled           0.037 0.016 0.005 0.069   0.022
bin                  0.177 0.038 0.103 0.251   0.000
delta_(Intercept)    0.384 0.000 0.384 0.384   0.000

Event-time sub-model: 
         Estimate    SE  2.5% 97.5% p-value
zeta_bin    0.750 0.137 0.482 1.019       0
gamma       2.714 0.192 2.338 3.091       0

Elapsed times as follows (13 iterations):
    delta optimisation        re-maximisation           startup time                EM time 
                26.037                 22.741                 50.493                452.560 
       post processing Total computation time 
                29.030                532.082 

Optimiser used: optim, Hessian appraised: obj with epsilon 0.0001220703125.
