Random effects variance-covariance matrix: 
      [,1]  [,2]
[1,] 0.154 0.011
[2,] 0.011 0.007

ADAS11 (mean parameterised Conway-Maxwell Poisson)
                  Estimate    SE  2.5% 97.5% p-value
(Intercept)          2.228 0.028 2.173 2.283   0.000
time                 0.089 0.007 0.076 0.103   0.000
age_scaled           0.043 0.019 0.006 0.080   0.021
bin                  0.169 0.043 0.084 0.254   0.000
delta_(Intercept)    0.367 0.037 0.295 0.440   0.000

Event-time sub-model: 
         Estimate    SE  2.5% 97.5% p-value
zeta_bin    0.672 0.130 0.418 0.926       0
gamma       2.168 0.168 1.838 2.497       0

Elapsed times as follows (15 iterations):
    delta optimisation        re-maximisation           startup time                EM time 
                17.897                 13.112                 32.794                360.040 
       post processing Total computation time 
                19.810                412.648 

Optimiser used: optim, Hessian appraised: obj with epsilon 0.001