Random effects variance-covariance matrix: 
      [,1]  [,2]
[1,] 0.371 0.027
[2,] 0.027 0.021

MMSE.reverse (mean parameterised Conway-Maxwell Poisson)
                  Estimate    SE   2.5% 97.5% p-value
(Intercept)          0.787 0.047  0.696 0.879   0.000
time                 0.156 0.013  0.132 0.181   0.000
age_scaled           0.053 0.031 -0.008 0.114   0.087
bin                  0.234 0.071  0.094 0.374   0.001
delta_(Intercept)    0.308 0.046  0.218 0.399   0.000

Event-time sub-model: 
         Estimate    SE  2.5% 97.5% p-value
zeta_bin    0.568 0.136 0.301 0.834       0
gamma       1.463 0.099 1.269 1.658       0

Elapsed times as follows (19 iterations):
    delta optimisation        re-maximisation           startup time                EM time 
                 9.406                  7.778                 18.738                262.732 
       post processing Total computation time 
                11.620                293.087 

Optimiser used: optim, Hessian appraised: grad with epsilon 0.001