Random effects variance-covariance matrix: 
      [,1]
[1,] 0.073

RAVLT.forgetting (mean parameterised Conway-Maxwell Poisson)
                  Estimate    SE   2.5% 97.5% p-value
(Intercept)          1.448 0.027  1.395 1.500   0.000
time                 0.016 0.004  0.008 0.024   0.000
age_scaled          -0.003 0.017 -0.036 0.030   0.871
bin                  0.113 0.037  0.041 0.185   0.002
delta_(Intercept)    0.328 0.029  0.272 0.384   0.000

Event-time sub-model: 
         Estimate    SE  2.5% 97.5% p-value
zeta_bin    0.676 0.094 0.492 0.860   0.000
gamma       0.902 0.380 0.157 1.647   0.018

Elapsed times as follows (19 iterations):
    delta optimisation        re-maximisation           startup time                EM time 
                 5.229                  2.028                  8.745                 95.494 
       post processing Total computation time 
                 3.380                107.619 

Optimiser used: optim, Hessian appraised: grad with epsilon 0.001.
